<?xml version="1.0" encoding="UTF-8"?>
<testsuite name="com.projetdsa.MainTest" tests="1" skipped="0" failures="0" errors="0" timestamp="2024-06-05T16:07:52" hostname="DESKTOP-RETF16M" time="0.077">
  <properties/>
  <testcase name="testMain()" classname="com.projetdsa.MainTest" time="0.077"/>
  <system-out><![CDATA[]]></system-out>
  <system-err><![CDATA[]]></system-err>
</testsuite>
