<?xml version="1.0" encoding="UTF-8"?>
<testsuite name="com.projetdsa.dsa.DSAKeyPairGeneratorTest" tests="1" skipped="0" failures="0" errors="0" timestamp="2024-06-05T16:07:53" hostname="DESKTOP-RETF16M" time="0.011">
  <properties/>
  <testcase name="testKeyPairGeneration()" classname="com.projetdsa.dsa.DSAKeyPairGeneratorTest" time="0.011"/>
  <system-out><![CDATA[]]></system-out>
  <system-err><![CDATA[]]></system-err>
</testsuite>
